[2021-04-21 13:21:17] [ INFO ] [App:20] Iniciando programas
[2021-04-21 13:27:44] [ INFO ] [App:20] Iniciando programa
[2021-04-21 13:32:39] [ INFO ] [App:23] Iniciando programa
[2021-04-21 13:32:39] [ DEBUG] [logging:44] Logging Provider: org.jboss.logging.Log4jLoggerProvider
[2021-04-21 13:32:39] [ DEBUG] [IntegratorServiceImpl:46] Adding Integrator [org.hibernate.cfg.beanvalidation.BeanValidationIntegrator].
[2021-04-21 13:32:39] [ DEBUG] [IntegratorServiceImpl:46] Adding Integrator [org.hibernate.secure.spi.JaccIntegrator].
[2021-04-21 13:32:39] [ DEBUG] [IntegratorServiceImpl:46] Adding Integrator [org.hibernate.cache.internal.CollectionCacheInvalidator].
[2021-04-21 13:32:39] [ TRACE] [StrategySelectorImpl:85] Registering named strategy selector [org.hibernate.resource.transaction.spi.TransactionCoordinatorBuilder] : [jdbc] -> [org.hibernate.resource.transaction.backend.jdbc.internal.JdbcResourceLocalTransactionCoordinatorBuilderImpl]
[2021-04-21 13:32:39] [ TRACE] [StrategySelectorImpl:85] Registering named strategy selector [org.hibernate.resource.transaction.spi.TransactionCoordinatorBuilder] : [jta] -> [org.hibernate.resource.transaction.backend.jta.internal.JtaTransactionCoordinatorBuilderImpl]
[2021-04-21 13:32:39] [ TRACE] [StrategySelectorImpl:85] Registering named strategy selector [org.hibernate.resource.transaction.spi.TransactionCoordinatorBuilder] : [org.hibernate.transaction.JDBCTransactionFactory] -> [org.hibernate.resource.transaction.backend.jdbc.internal.JdbcResourceLocalTransactionCoordinatorBuilderImpl]
[2021-04-21 13:32:39] [ TRACE] [StrategySelectorImpl:85] Registering named strategy selector [org.hibernate.resource.transaction.spi.TransactionCoordinatorBuilder] : [org.hibernate.transaction.JTATransactionFactory] -> [org.hibernate.resource.transaction.backend.jta.internal.JtaTransactionCoordinatorBuilderImpl]
[2021-04-21 13:32:39] [ TRACE] [StrategySelectorImpl:85] Registering named strategy selector [org.hibernate.resource.transaction.spi.TransactionCoordinatorBuilder] : [org.hibernate.transaction.CMTTransactionFactory] -> [org.hibernate.resource.transaction.backend.jta.internal.JtaTransactionCoordinatorBuilderImpl]
[2021-04-21 13:32:39] [ TRACE] [StrategySelectorImpl:85] Registering named strategy selector [org.hibernate.hql.spi.id.MultiTableBulkIdStrategy] : [persistent] -> [org.hibernate.hql.spi.id.persistent.PersistentTableBulkIdStrategy]
[2021-04-21 13:32:39] [ TRACE] [StrategySelectorImpl:85] Registering named strategy selector [org.hibernate.hql.spi.id.MultiTableBulkIdStrategy] : [global_temporary] -> [org.hibernate.hql.spi.id.global.GlobalTemporaryTableBulkIdStrategy]
[2021-04-21 13:32:39] [ TRACE] [StrategySelectorImpl:85] Registering named strategy selector [org.hibernate.hql.spi.id.MultiTableBulkIdStrategy] : [local_temporary] -> [org.hibernate.hql.spi.id.local.LocalTemporaryTableBulkIdStrategy]
[2021-04-21 13:32:39] [ TRACE] [StrategySelectorImpl:85] Registering named strategy selector [org.hibernate.boot.model.naming.ImplicitNamingStrategy] : [default] -> [org.hibernate.boot.model.naming.ImplicitNamingStrategyJpaCompliantImpl]
[2021-04-21 13:32:39] [ TRACE] [StrategySelectorImpl:85] Registering named strategy selector [org.hibernate.boot.model.naming.ImplicitNamingStrategy] : [jpa] -> [org.hibernate.boot.model.naming.ImplicitNamingStrategyJpaCompliantImpl]
[2021-04-21 13:32:39] [ TRACE] [StrategySelectorImpl:85] Registering named strategy selector [org.hibernate.boot.model.naming.ImplicitNamingStrategy] : [legacy-jpa] -> [org.hibernate.boot.model.naming.ImplicitNamingStrategyLegacyJpaImpl]
[2021-04-21 13:32:39] [ TRACE] [StrategySelectorImpl:85] Registering named strategy selector [org.hibernate.boot.model.naming.ImplicitNamingStrategy] : [legacy-hbm] -> [org.hibernate.boot.model.naming.ImplicitNamingStrategyLegacyHbmImpl]
[2021-04-21 13:32:39] [ TRACE] [StrategySelectorImpl:85] Registering named strategy selector [org.hibernate.boot.model.naming.ImplicitNamingStrategy] : [component-path] -> [org.hibernate.boot.model.naming.ImplicitNamingStrategyComponentPathImpl]
[2021-04-21 13:32:39] [ TRACE] [StrategySelectorImpl:85] Registering named strategy selector [org.hibernate.cache.spi.CacheKeysFactory] : [default] -> [org.hibernate.cache.internal.DefaultCacheKeysFactory]
[2021-04-21 13:32:39] [ TRACE] [StrategySelectorImpl:85] Registering named strategy selector [org.hibernate.cache.spi.CacheKeysFactory] : [simple] -> [org.hibernate.cache.internal.SimpleCacheKeysFactory]
[2021-04-21 13:32:39] [ INFO ] [Version:44] HHH000412: Hibernate ORM core version 5.4.30.Final
[2021-04-21 13:32:39] [ DEBUG] [Environment:199] HHH000206: hibernate.properties not found
[2021-04-21 13:32:39] [ TRACE] [ClassLoaderServiceImpl:182] trying via [new URL("hibernate.cfg.xml")]
[2021-04-21 13:32:39] [ TRACE] [ClassLoaderServiceImpl:193] trying via [ClassLoader.getResourceAsStream("hibernate.cfg.xml")]
[2021-04-21 13:34:29] [ INFO ] [App:23] Iniciando programa
[2021-04-21 13:34:29] [ DEBUG] [logging:44] Logging Provider: org.jboss.logging.Log4jLoggerProvider
[2021-04-21 13:34:29] [ DEBUG] [IntegratorServiceImpl:46] Adding Integrator [org.hibernate.cfg.beanvalidation.BeanValidationIntegrator].
[2021-04-21 13:34:29] [ DEBUG] [IntegratorServiceImpl:46] Adding Integrator [org.hibernate.secure.spi.JaccIntegrator].
[2021-04-21 13:34:29] [ DEBUG] [IntegratorServiceImpl:46] Adding Integrator [org.hibernate.cache.internal.CollectionCacheInvalidator].
[2021-04-21 13:34:29] [ TRACE] [StrategySelectorImpl:85] Registering named strategy selector [org.hibernate.resource.transaction.spi.TransactionCoordinatorBuilder] : [jdbc] -> [org.hibernate.resource.transaction.backend.jdbc.internal.JdbcResourceLocalTransactionCoordinatorBuilderImpl]
[2021-04-21 13:34:29] [ TRACE] [StrategySelectorImpl:85] Registering named strategy selector [org.hibernate.resource.transaction.spi.TransactionCoordinatorBuilder] : [jta] -> [org.hibernate.resource.transaction.backend.jta.internal.JtaTransactionCoordinatorBuilderImpl]
[2021-04-21 13:34:29] [ TRACE] [StrategySelectorImpl:85] Registering named strategy selector [org.hibernate.resource.transaction.spi.TransactionCoordinatorBuilder] : [org.hibernate.transaction.JDBCTransactionFactory] -> [org.hibernate.resource.transaction.backend.jdbc.internal.JdbcResourceLocalTransactionCoordinatorBuilderImpl]
[2021-04-21 13:34:29] [ TRACE] [StrategySelectorImpl:85] Registering named strategy selector [org.hibernate.resource.transaction.spi.TransactionCoordinatorBuilder] : [org.hibernate.transaction.JTATransactionFactory] -> [org.hibernate.resource.transaction.backend.jta.internal.JtaTransactionCoordinatorBuilderImpl]
[2021-04-21 13:34:29] [ TRACE] [StrategySelectorImpl:85] Registering named strategy selector [org.hibernate.resource.transaction.spi.TransactionCoordinatorBuilder] : [org.hibernate.transaction.CMTTransactionFactory] -> [org.hibernate.resource.transaction.backend.jta.internal.JtaTransactionCoordinatorBuilderImpl]
[2021-04-21 13:34:29] [ TRACE] [StrategySelectorImpl:85] Registering named strategy selector [org.hibernate.hql.spi.id.MultiTableBulkIdStrategy] : [persistent] -> [org.hibernate.hql.spi.id.persistent.PersistentTableBulkIdStrategy]
[2021-04-21 13:34:29] [ TRACE] [StrategySelectorImpl:85] Registering named strategy selector [org.hibernate.hql.spi.id.MultiTableBulkIdStrategy] : [global_temporary] -> [org.hibernate.hql.spi.id.global.GlobalTemporaryTableBulkIdStrategy]
[2021-04-21 13:34:29] [ TRACE] [StrategySelectorImpl:85] Registering named strategy selector [org.hibernate.hql.spi.id.MultiTableBulkIdStrategy] : [local_temporary] -> [org.hibernate.hql.spi.id.local.LocalTemporaryTableBulkIdStrategy]
[2021-04-21 13:34:29] [ TRACE] [StrategySelectorImpl:85] Registering named strategy selector [org.hibernate.boot.model.naming.ImplicitNamingStrategy] : [default] -> [org.hibernate.boot.model.naming.ImplicitNamingStrategyJpaCompliantImpl]
[2021-04-21 13:34:29] [ TRACE] [StrategySelectorImpl:85] Registering named strategy selector [org.hibernate.boot.model.naming.ImplicitNamingStrategy] : [jpa] -> [org.hibernate.boot.model.naming.ImplicitNamingStrategyJpaCompliantImpl]
[2021-04-21 13:34:29] [ TRACE] [StrategySelectorImpl:85] Registering named strategy selector [org.hibernate.boot.model.naming.ImplicitNamingStrategy] : [legacy-jpa] -> [org.hibernate.boot.model.naming.ImplicitNamingStrategyLegacyJpaImpl]
[2021-04-21 13:34:29] [ TRACE] [StrategySelectorImpl:85] Registering named strategy selector [org.hibernate.boot.model.naming.ImplicitNamingStrategy] : [legacy-hbm] -> [org.hibernate.boot.model.naming.ImplicitNamingStrategyLegacyHbmImpl]
[2021-04-21 13:34:29] [ TRACE] [StrategySelectorImpl:85] Registering named strategy selector [org.hibernate.boot.model.naming.ImplicitNamingStrategy] : [component-path] -> [org.hibernate.boot.model.naming.ImplicitNamingStrategyComponentPathImpl]
[2021-04-21 13:34:29] [ TRACE] [StrategySelectorImpl:85] Registering named strategy selector [org.hibernate.cache.spi.CacheKeysFactory] : [default] -> [org.hibernate.cache.internal.DefaultCacheKeysFactory]
[2021-04-21 13:34:29] [ TRACE] [StrategySelectorImpl:85] Registering named strategy selector [org.hibernate.cache.spi.CacheKeysFactory] : [simple] -> [org.hibernate.cache.internal.SimpleCacheKeysFactory]
[2021-04-21 13:34:29] [ INFO ] [Version:44] HHH000412: Hibernate ORM core version 5.4.30.Final
[2021-04-21 13:34:29] [ DEBUG] [Environment:199] HHH000206: hibernate.properties not found
[2021-04-21 13:34:30] [ TRACE] [ClassLoaderServiceImpl:182] trying via [new URL("hibernate.cfg.xml")]
[2021-04-21 13:34:30] [ TRACE] [ClassLoaderServiceImpl:193] trying via [ClassLoader.getResourceAsStream("hibernate.cfg.xml")]
